[0.036s] Invoking command in '/home/ros2/ros2_ws/build/ackermann_msgs': CMAKE_PREFIX_PATH=${CMAKE_PREFIX_PATH}:/opt/ros/humble /usr/bin/cmake --build /home/ros2/ros2_ws/build/ackermann_msgs -- -j6 -l6
[0.166s] [  2%] Built target ackermann_msgs__cpp
[0.236s] [  2%] Built target ament_cmake_python_copy_ackermann_msgs
[0.292s] [ 12%] Built target ackermann_msgs__rosidl_typesupport_introspection_cpp
[1.184s] running egg_info
[1.188s] writing ackermann_msgs.egg-info/PKG-INFO
[1.191s] writing dependency_links to ackermann_msgs.egg-info/dependency_links.txt
[1.193s] writing top-level names to ackermann_msgs.egg-info/top_level.txt
[1.199s] reading manifest file 'ackermann_msgs.egg-info/SOURCES.txt'
[1.205s] writing manifest file 'ackermann_msgs.egg-info/SOURCES.txt'
[1.298s] [ 12%] Built target ament_cmake_python_build_ackermann_msgs_egg
[1.383s] [ 23%] Built target ackermann_msgs__rosidl_typesupport_fastrtps_cpp
[1.450s] [ 33%] Built target ackermann_msgs__rosidl_typesupport_cpp
[1.523s] [ 43%] Built target ackermann_msgs__rosidl_generator_c
[1.600s] [ 53%] Built target ackermann_msgs__rosidl_typesupport_fastrtps_c
[1.665s] [ 64%] Built target ackermann_msgs__rosidl_typesupport_c
[1.730s] [ 74%] Built target ackermann_msgs__rosidl_typesupport_introspection_c
[1.785s] [ 74%] Built target ackermann_msgs
[1.849s] [ 76%] Built target ackermann_msgs__py
[1.916s] [ 84%] Built target ackermann_msgs__rosidl_generator_py
[1.987s] [ 89%] Built target ackermann_msgs__rosidl_typesupport_fastrtps_c__pyext
[2.071s] [ 94%] Built target ackermann_msgs__rosidl_typesupport_c__pyext
[2.138s] [100%] Built target ackermann_msgs__rosidl_typesupport_introspection_c__pyext
[2.182s] Invoked command in '/home/ros2/ros2_ws/build/ackermann_msgs' returned '0': CMAKE_PREFIX_PATH=${CMAKE_PREFIX_PATH}:/opt/ros/humble /usr/bin/cmake --build /home/ros2/ros2_ws/build/ackermann_msgs -- -j6 -l6
[2.183s] Invoking command in '/home/ros2/ros2_ws/build/ackermann_msgs': CMAKE_PREFIX_PATH=${CMAKE_PREFIX_PATH}:/opt/ros/humble /usr/bin/cmake --install /home/ros2/ros2_ws/build/ackermann_msgs
[2.220s] -- Install configuration: ""
[2.221s] -- Up-to-date: /home/ros2/ros2_ws/install/ackermann_msgs/share/ament_index/resource_index/rosidl_interfaces/ackermann_msgs
[2.221s] -- Up-to-date: /home/ros2/ros2_ws/install/ackermann_msgs/include/ackermann_msgs/ackermann_msgs
[2.221s] -- Up-to-date: /home/ros2/ros2_ws/install/ackermann_msgs/include/ackermann_msgs/ackermann_msgs/msg
[2.222s] -- Up-to-date: /home/ros2/ros2_ws/install/ackermann_msgs/include/ackermann_msgs/ackermann_msgs/msg/rosidl_generator_c__visibility_control.h
[2.222s] -- Up-to-date: /home/ros2/ros2_ws/install/ackermann_msgs/include/ackermann_msgs/ackermann_msgs/msg/ackermann_drive.h
[2.222s] -- Up-to-date: /home/ros2/ros2_ws/install/ackermann_msgs/include/ackermann_msgs/ackermann_msgs/msg/ackermann_drive_stamped.h
[2.222s] -- Up-to-date: /home/ros2/ros2_ws/install/ackermann_msgs/include/ackermann_msgs/ackermann_msgs/msg/detail
[2.223s] -- Up-to-date: /home/ros2/ros2_ws/install/ackermann_msgs/include/ackermann_msgs/ackermann_msgs/msg/detail/ackermann_drive_stamped__functions.h
[2.223s] -- Up-to-date: /home/ros2/ros2_ws/install/ackermann_msgs/include/ackermann_msgs/ackermann_msgs/msg/detail/ackermann_drive_stamped__functions.c
[2.223s] -- Up-to-date: /home/ros2/ros2_ws/install/ackermann_msgs/include/ackermann_msgs/ackermann_msgs/msg/detail/ackermann_drive__struct.h
[2.223s] -- Up-to-date: /home/ros2/ros2_ws/install/ackermann_msgs/include/ackermann_msgs/ackermann_msgs/msg/detail/ackermann_drive__functions.c
[2.223s] -- Up-to-date: /home/ros2/ros2_ws/install/ackermann_msgs/include/ackermann_msgs/ackermann_msgs/msg/detail/ackermann_drive_stamped__type_support.h
[2.223s] -- Up-to-date: /home/ros2/ros2_ws/install/ackermann_msgs/include/ackermann_msgs/ackermann_msgs/msg/detail/ackermann_drive__functions.h
[2.224s] -- Up-to-date: /home/ros2/ros2_ws/install/ackermann_msgs/include/ackermann_msgs/ackermann_msgs/msg/detail/ackermann_drive__type_support.h
[2.224s] -- Up-to-date: /home/ros2/ros2_ws/install/ackermann_msgs/include/ackermann_msgs/ackermann_msgs/msg/detail/ackermann_drive_stamped__struct.h
[2.225s] -- Up-to-date: /home/ros2/ros2_ws/install/ackermann_msgs/share/ackermann_msgs/environment/library_path.sh
[2.225s] -- Up-to-date: /home/ros2/ros2_ws/install/ackermann_msgs/share/ackermann_msgs/environment/library_path.dsv
[2.226s] -- Up-to-date: /home/ros2/ros2_ws/install/ackermann_msgs/lib/libackermann_msgs__rosidl_generator_c.so
[2.226s] -- Up-to-date: /home/ros2/ros2_ws/install/ackermann_msgs/include/ackermann_msgs/ackermann_msgs
[2.226s] -- Up-to-date: /home/ros2/ros2_ws/install/ackermann_msgs/include/ackermann_msgs/ackermann_msgs/msg
[2.226s] -- Up-to-date: /home/ros2/ros2_ws/install/ackermann_msgs/include/ackermann_msgs/ackermann_msgs/msg/rosidl_typesupport_fastrtps_c__visibility_control.h
[2.226s] -- Up-to-date: /home/ros2/ros2_ws/install/ackermann_msgs/include/ackermann_msgs/ackermann_msgs/msg/detail
[2.226s] -- Up-to-date: /home/ros2/ros2_ws/install/ackermann_msgs/include/ackermann_msgs/ackermann_msgs/msg/detail/ackermann_drive__rosidl_typesupport_fastrtps_c.h
[2.227s] -- Up-to-date: /home/ros2/ros2_ws/install/ackermann_msgs/include/ackermann_msgs/ackermann_msgs/msg/detail/ackermann_drive_stamped__rosidl_typesupport_fastrtps_c.h
[2.228s] -- Up-to-date: /home/ros2/ros2_ws/install/ackermann_msgs/lib/libackermann_msgs__rosidl_typesupport_fastrtps_c.so
[2.228s] -- Up-to-date: /home/ros2/ros2_ws/install/ackermann_msgs/include/ackermann_msgs/ackermann_msgs
[2.228s] -- Up-to-date: /home/ros2/ros2_ws/install/ackermann_msgs/include/ackermann_msgs/ackermann_msgs/msg
[2.229s] -- Up-to-date: /home/ros2/ros2_ws/install/ackermann_msgs/include/ackermann_msgs/ackermann_msgs/msg/detail
[2.229s] -- Up-to-date: /home/ros2/ros2_ws/install/ackermann_msgs/include/ackermann_msgs/ackermann_msgs/msg/detail/ackermann_drive_stamped__rosidl_typesupport_introspection_c.h
[2.229s] -- Up-to-date: /home/ros2/ros2_ws/install/ackermann_msgs/include/ackermann_msgs/ackermann_msgs/msg/detail/ackermann_drive__rosidl_typesupport_introspection_c.h
[2.229s] -- Up-to-date: /home/ros2/ros2_ws/install/ackermann_msgs/include/ackermann_msgs/ackermann_msgs/msg/detail/ackermann_drive__type_support.c
[2.229s] -- Up-to-date: /home/ros2/ros2_ws/install/ackermann_msgs/include/ackermann_msgs/ackermann_msgs/msg/detail/ackermann_drive_stamped__type_support.c
[2.229s] -- Up-to-date: /home/ros2/ros2_ws/install/ackermann_msgs/include/ackermann_msgs/ackermann_msgs/msg/rosidl_typesupport_introspection_c__visibility_control.h
[2.230s] -- Up-to-date: /home/ros2/ros2_ws/install/ackermann_msgs/lib/libackermann_msgs__rosidl_typesupport_introspection_c.so
[2.230s] -- Up-to-date: /home/ros2/ros2_ws/install/ackermann_msgs/lib/libackermann_msgs__rosidl_typesupport_c.so
[2.230s] -- Up-to-date: /home/ros2/ros2_ws/install/ackermann_msgs/include/ackermann_msgs/ackermann_msgs
[2.230s] -- Up-to-date: /home/ros2/ros2_ws/install/ackermann_msgs/include/ackermann_msgs/ackermann_msgs/msg
[2.230s] -- Up-to-date: /home/ros2/ros2_ws/install/ackermann_msgs/include/ackermann_msgs/ackermann_msgs/msg/ackermann_drive_stamped.hpp
[2.231s] -- Up-to-date: /home/ros2/ros2_ws/install/ackermann_msgs/include/ackermann_msgs/ackermann_msgs/msg/rosidl_generator_cpp__visibility_control.hpp
[2.231s] -- Up-to-date: /home/ros2/ros2_ws/install/ackermann_msgs/include/ackermann_msgs/ackermann_msgs/msg/ackermann_drive.hpp
[2.231s] -- Up-to-date: /home/ros2/ros2_ws/install/ackermann_msgs/include/ackermann_msgs/ackermann_msgs/msg/detail
[2.231s] -- Up-to-date: /home/ros2/ros2_ws/install/ackermann_msgs/include/ackermann_msgs/ackermann_msgs/msg/detail/ackermann_drive__builder.hpp
[2.231s] -- Up-to-date: /home/ros2/ros2_ws/install/ackermann_msgs/include/ackermann_msgs/ackermann_msgs/msg/detail/ackermann_drive__type_support.hpp
[2.231s] -- Up-to-date: /home/ros2/ros2_ws/install/ackermann_msgs/include/ackermann_msgs/ackermann_msgs/msg/detail/ackermann_drive__struct.hpp
[2.231s] -- Up-to-date: /home/ros2/ros2_ws/install/ackermann_msgs/include/ackermann_msgs/ackermann_msgs/msg/detail/ackermann_drive_stamped__struct.hpp
[2.232s] -- Up-to-date: /home/ros2/ros2_ws/install/ackermann_msgs/include/ackermann_msgs/ackermann_msgs/msg/detail/ackermann_drive__traits.hpp
[2.232s] -- Up-to-date: /home/ros2/ros2_ws/install/ackermann_msgs/include/ackermann_msgs/ackermann_msgs/msg/detail/ackermann_drive_stamped__type_support.hpp
[2.232s] -- Up-to-date: /home/ros2/ros2_ws/install/ackermann_msgs/include/ackermann_msgs/ackermann_msgs/msg/detail/ackermann_drive_stamped__builder.hpp
[2.232s] -- Up-to-date: /home/ros2/ros2_ws/install/ackermann_msgs/include/ackermann_msgs/ackermann_msgs/msg/detail/ackermann_drive_stamped__traits.hpp
[2.232s] -- Up-to-date: /home/ros2/ros2_ws/install/ackermann_msgs/include/ackermann_msgs/ackermann_msgs
[2.233s] -- Up-to-date: /home/ros2/ros2_ws/install/ackermann_msgs/include/ackermann_msgs/ackermann_msgs/msg
[2.233s] -- Up-to-date: /home/ros2/ros2_ws/install/ackermann_msgs/include/ackermann_msgs/ackermann_msgs/msg/rosidl_typesupport_fastrtps_cpp__visibility_control.h
[2.233s] -- Up-to-date: /home/ros2/ros2_ws/install/ackermann_msgs/include/ackermann_msgs/ackermann_msgs/msg/detail
[2.233s] -- Up-to-date: /home/ros2/ros2_ws/install/ackermann_msgs/include/ackermann_msgs/ackermann_msgs/msg/detail/ackermann_drive__rosidl_typesupport_fastrtps_cpp.hpp
[2.233s] -- Up-to-date: /home/ros2/ros2_ws/install/ackermann_msgs/include/ackermann_msgs/ackermann_msgs/msg/detail/ackermann_drive_stamped__rosidl_typesupport_fastrtps_cpp.hpp
[2.233s] -- Up-to-date: /home/ros2/ros2_ws/install/ackermann_msgs/include/ackermann_msgs/ackermann_msgs/msg/detail/dds_fastrtps
[2.234s] -- Up-to-date: /home/ros2/ros2_ws/install/ackermann_msgs/lib/libackermann_msgs__rosidl_typesupport_fastrtps_cpp.so
[2.234s] -- Up-to-date: /home/ros2/ros2_ws/install/ackermann_msgs/include/ackermann_msgs/ackermann_msgs
[2.234s] -- Up-to-date: /home/ros2/ros2_ws/install/ackermann_msgs/include/ackermann_msgs/ackermann_msgs/msg
[2.234s] -- Up-to-date: /home/ros2/ros2_ws/install/ackermann_msgs/include/ackermann_msgs/ackermann_msgs/msg/detail
[2.234s] -- Up-to-date: /home/ros2/ros2_ws/install/ackermann_msgs/include/ackermann_msgs/ackermann_msgs/msg/detail/ackermann_drive_stamped__rosidl_typesupport_introspection_cpp.hpp
[2.235s] -- Up-to-date: /home/ros2/ros2_ws/install/ackermann_msgs/include/ackermann_msgs/ackermann_msgs/msg/detail/ackermann_drive_stamped__type_support.cpp
[2.235s] -- Up-to-date: /home/ros2/ros2_ws/install/ackermann_msgs/include/ackermann_msgs/ackermann_msgs/msg/detail/ackermann_drive__type_support.cpp
[2.235s] -- Up-to-date: /home/ros2/ros2_ws/install/ackermann_msgs/include/ackermann_msgs/ackermann_msgs/msg/detail/ackermann_drive__rosidl_typesupport_introspection_cpp.hpp
[2.236s] -- Up-to-date: /home/ros2/ros2_ws/install/ackermann_msgs/lib/libackermann_msgs__rosidl_typesupport_introspection_cpp.so
[2.236s] -- Up-to-date: /home/ros2/ros2_ws/install/ackermann_msgs/lib/libackermann_msgs__rosidl_typesupport_cpp.so
[2.236s] -- Up-to-date: /home/ros2/ros2_ws/install/ackermann_msgs/share/ackermann_msgs/environment/pythonpath.sh
[2.236s] -- Up-to-date: /home/ros2/ros2_ws/install/ackermann_msgs/share/ackermann_msgs/environment/pythonpath.dsv
[2.236s] -- Up-to-date: /home/ros2/ros2_ws/install/ackermann_msgs/local/lib/python3.10/dist-packages/ackermann_msgs-2.0.2-py3.10.egg-info
[2.236s] -- Installing: /home/ros2/ros2_ws/install/ackermann_msgs/local/lib/python3.10/dist-packages/ackermann_msgs-2.0.2-py3.10.egg-info/SOURCES.txt
[2.236s] -- Installing: /home/ros2/ros2_ws/install/ackermann_msgs/local/lib/python3.10/dist-packages/ackermann_msgs-2.0.2-py3.10.egg-info/PKG-INFO
[2.236s] -- Installing: /home/ros2/ros2_ws/install/ackermann_msgs/local/lib/python3.10/dist-packages/ackermann_msgs-2.0.2-py3.10.egg-info/top_level.txt
[2.237s] -- Installing: /home/ros2/ros2_ws/install/ackermann_msgs/local/lib/python3.10/dist-packages/ackermann_msgs-2.0.2-py3.10.egg-info/dependency_links.txt
[2.237s] -- Up-to-date: /home/ros2/ros2_ws/install/ackermann_msgs/local/lib/python3.10/dist-packages/ackermann_msgs
[2.237s] -- Up-to-date: /home/ros2/ros2_ws/install/ackermann_msgs/local/lib/python3.10/dist-packages/ackermann_msgs/__init__.py
[2.239s] -- Up-to-date: /home/ros2/ros2_ws/install/ackermann_msgs/local/lib/python3.10/dist-packages/ackermann_msgs/_ackermann_msgs_s.ep.rosidl_typesupport_c.c
[2.240s] -- Up-to-date: /home/ros2/ros2_ws/install/ackermann_msgs/local/lib/python3.10/dist-packages/ackermann_msgs/ackermann_msgs_s__rosidl_typesupport_fastrtps_c.cpython-310-x86_64-linux-gnu.so
[2.240s] -- Up-to-date: /home/ros2/ros2_ws/install/ackermann_msgs/local/lib/python3.10/dist-packages/ackermann_msgs/libackermann_msgs__rosidl_generator_py.so
[2.240s] -- Up-to-date: /home/ros2/ros2_ws/install/ackermann_msgs/local/lib/python3.10/dist-packages/ackermann_msgs/ackermann_msgs_s__rosidl_typesupport_c.cpython-310-x86_64-linux-gnu.so
[2.240s] -- Up-to-date: /home/ros2/ros2_ws/install/ackermann_msgs/local/lib/python3.10/dist-packages/ackermann_msgs/ackermann_msgs_s__rosidl_typesupport_introspection_c.cpython-310-x86_64-linux-gnu.so
[2.240s] -- Up-to-date: /home/ros2/ros2_ws/install/ackermann_msgs/local/lib/python3.10/dist-packages/ackermann_msgs/_ackermann_msgs_s.ep.rosidl_typesupport_introspection_c.c
[2.241s] -- Up-to-date: /home/ros2/ros2_ws/install/ackermann_msgs/local/lib/python3.10/dist-packages/ackermann_msgs/_ackermann_msgs_s.ep.rosidl_typesupport_fastrtps_c.c
[2.241s] -- Up-to-date: /home/ros2/ros2_ws/install/ackermann_msgs/local/lib/python3.10/dist-packages/ackermann_msgs/msg
[2.241s] -- Up-to-date: /home/ros2/ros2_ws/install/ackermann_msgs/local/lib/python3.10/dist-packages/ackermann_msgs/msg/__init__.py
[2.241s] -- Up-to-date: /home/ros2/ros2_ws/install/ackermann_msgs/local/lib/python3.10/dist-packages/ackermann_msgs/msg/_ackermann_drive_stamped.py
[2.241s] -- Up-to-date: /home/ros2/ros2_ws/install/ackermann_msgs/local/lib/python3.10/dist-packages/ackermann_msgs/msg/_ackermann_drive.py
[2.241s] -- Up-to-date: /home/ros2/ros2_ws/install/ackermann_msgs/local/lib/python3.10/dist-packages/ackermann_msgs/msg/_ackermann_drive_s.c
[2.242s] -- Up-to-date: /home/ros2/ros2_ws/install/ackermann_msgs/local/lib/python3.10/dist-packages/ackermann_msgs/msg/_ackermann_drive_stamped_s.c
[2.301s] Listing '/home/ros2/ros2_ws/install/ackermann_msgs/local/lib/python3.10/dist-packages/ackermann_msgs'...
[2.302s] Listing '/home/ros2/ros2_ws/install/ackermann_msgs/local/lib/python3.10/dist-packages/ackermann_msgs/msg'...
[2.311s] -- Up-to-date: /home/ros2/ros2_ws/install/ackermann_msgs/local/lib/python3.10/dist-packages/ackermann_msgs/ackermann_msgs_s__rosidl_typesupport_fastrtps_c.cpython-310-x86_64-linux-gnu.so
[2.312s] -- Up-to-date: /home/ros2/ros2_ws/install/ackermann_msgs/local/lib/python3.10/dist-packages/ackermann_msgs/ackermann_msgs_s__rosidl_typesupport_introspection_c.cpython-310-x86_64-linux-gnu.so
[2.312s] -- Up-to-date: /home/ros2/ros2_ws/install/ackermann_msgs/local/lib/python3.10/dist-packages/ackermann_msgs/ackermann_msgs_s__rosidl_typesupport_c.cpython-310-x86_64-linux-gnu.so
[2.313s] -- Up-to-date: /home/ros2/ros2_ws/install/ackermann_msgs/lib/libackermann_msgs__rosidl_generator_py.so
[2.314s] -- Up-to-date: /home/ros2/ros2_ws/install/ackermann_msgs/share/ackermann_msgs/msg/AckermannDrive.idl
[2.314s] -- Up-to-date: /home/ros2/ros2_ws/install/ackermann_msgs/share/ackermann_msgs/msg/AckermannDriveStamped.idl
[2.314s] -- Up-to-date: /home/ros2/ros2_ws/install/ackermann_msgs/share/ackermann_msgs/msg/AckermannDrive.msg
[2.315s] -- Up-to-date: /home/ros2/ros2_ws/install/ackermann_msgs/share/ackermann_msgs/msg/AckermannDriveStamped.msg
[2.315s] -- Up-to-date: /home/ros2/ros2_ws/install/ackermann_msgs/share/ament_index/resource_index/package_run_dependencies/ackermann_msgs
[2.316s] -- Up-to-date: /home/ros2/ros2_ws/install/ackermann_msgs/share/ament_index/resource_index/parent_prefix_path/ackermann_msgs
[2.316s] -- Up-to-date: /home/ros2/ros2_ws/install/ackermann_msgs/share/ackermann_msgs/environment/ament_prefix_path.sh
[2.317s] -- Up-to-date: /home/ros2/ros2_ws/install/ackermann_msgs/share/ackermann_msgs/environment/ament_prefix_path.dsv
[2.317s] -- Up-to-date: /home/ros2/ros2_ws/install/ackermann_msgs/share/ackermann_msgs/environment/path.sh
[2.317s] -- Up-to-date: /home/ros2/ros2_ws/install/ackermann_msgs/share/ackermann_msgs/environment/path.dsv
[2.318s] -- Up-to-date: /home/ros2/ros2_ws/install/ackermann_msgs/share/ackermann_msgs/local_setup.bash
[2.320s] -- Up-to-date: /home/ros2/ros2_ws/install/ackermann_msgs/share/ackermann_msgs/local_setup.sh
[2.321s] -- Up-to-date: /home/ros2/ros2_ws/install/ackermann_msgs/share/ackermann_msgs/local_setup.zsh
[2.321s] -- Up-to-date: /home/ros2/ros2_ws/install/ackermann_msgs/share/ackermann_msgs/local_setup.dsv
[2.322s] -- Installing: /home/ros2/ros2_ws/install/ackermann_msgs/share/ackermann_msgs/package.dsv
[2.322s] -- Up-to-date: /home/ros2/ros2_ws/install/ackermann_msgs/share/ament_index/resource_index/packages/ackermann_msgs
[2.322s] -- Up-to-date: /home/ros2/ros2_ws/install/ackermann_msgs/share/ackermann_msgs/cmake/export_ackermann_msgs__rosidl_generator_cExport.cmake
[2.322s] -- Up-to-date: /home/ros2/ros2_ws/install/ackermann_msgs/share/ackermann_msgs/cmake/export_ackermann_msgs__rosidl_generator_cExport-noconfig.cmake
[2.322s] -- Up-to-date: /home/ros2/ros2_ws/install/ackermann_msgs/share/ackermann_msgs/cmake/export_ackermann_msgs__rosidl_typesupport_fastrtps_cExport.cmake
[2.323s] -- Up-to-date: /home/ros2/ros2_ws/install/ackermann_msgs/share/ackermann_msgs/cmake/export_ackermann_msgs__rosidl_typesupport_fastrtps_cExport-noconfig.cmake
[2.323s] -- Up-to-date: /home/ros2/ros2_ws/install/ackermann_msgs/share/ackermann_msgs/cmake/ackermann_msgs__rosidl_typesupport_introspection_cExport.cmake
[2.323s] -- Up-to-date: /home/ros2/ros2_ws/install/ackermann_msgs/share/ackermann_msgs/cmake/ackermann_msgs__rosidl_typesupport_introspection_cExport-noconfig.cmake
[2.324s] -- Up-to-date: /home/ros2/ros2_ws/install/ackermann_msgs/share/ackermann_msgs/cmake/ackermann_msgs__rosidl_typesupport_cExport.cmake
[2.325s] -- Up-to-date: /home/ros2/ros2_ws/install/ackermann_msgs/share/ackermann_msgs/cmake/ackermann_msgs__rosidl_typesupport_cExport-noconfig.cmake
[2.325s] -- Up-to-date: /home/ros2/ros2_ws/install/ackermann_msgs/share/ackermann_msgs/cmake/export_ackermann_msgs__rosidl_generator_cppExport.cmake
[2.325s] -- Up-to-date: /home/ros2/ros2_ws/install/ackermann_msgs/share/ackermann_msgs/cmake/export_ackermann_msgs__rosidl_typesupport_fastrtps_cppExport.cmake
[2.326s] -- Up-to-date: /home/ros2/ros2_ws/install/ackermann_msgs/share/ackermann_msgs/cmake/export_ackermann_msgs__rosidl_typesupport_fastrtps_cppExport-noconfig.cmake
[2.326s] -- Up-to-date: /home/ros2/ros2_ws/install/ackermann_msgs/share/ackermann_msgs/cmake/ackermann_msgs__rosidl_typesupport_introspection_cppExport.cmake
[2.326s] -- Up-to-date: /home/ros2/ros2_ws/install/ackermann_msgs/share/ackermann_msgs/cmake/ackermann_msgs__rosidl_typesupport_introspection_cppExport-noconfig.cmake
[2.326s] -- Up-to-date: /home/ros2/ros2_ws/install/ackermann_msgs/share/ackermann_msgs/cmake/ackermann_msgs__rosidl_typesupport_cppExport.cmake
[2.326s] -- Up-to-date: /home/ros2/ros2_ws/install/ackermann_msgs/share/ackermann_msgs/cmake/ackermann_msgs__rosidl_typesupport_cppExport-noconfig.cmake
[2.326s] -- Up-to-date: /home/ros2/ros2_ws/install/ackermann_msgs/share/ackermann_msgs/cmake/export_ackermann_msgs__rosidl_generator_pyExport.cmake
[2.326s] -- Up-to-date: /home/ros2/ros2_ws/install/ackermann_msgs/share/ackermann_msgs/cmake/export_ackermann_msgs__rosidl_generator_pyExport-noconfig.cmake
[2.326s] -- Up-to-date: /home/ros2/ros2_ws/install/ackermann_msgs/share/ackermann_msgs/cmake/rosidl_cmake-extras.cmake
[2.326s] -- Up-to-date: /home/ros2/ros2_ws/install/ackermann_msgs/share/ackermann_msgs/cmake/ament_cmake_export_dependencies-extras.cmake
[2.327s] -- Up-to-date: /home/ros2/ros2_ws/install/ackermann_msgs/share/ackermann_msgs/cmake/ament_cmake_export_include_directories-extras.cmake
[2.327s] -- Up-to-date: /home/ros2/ros2_ws/install/ackermann_msgs/share/ackermann_msgs/cmake/ament_cmake_export_libraries-extras.cmake
[2.327s] -- Up-to-date: /home/ros2/ros2_ws/install/ackermann_msgs/share/ackermann_msgs/cmake/ament_cmake_export_targets-extras.cmake
[2.327s] -- Up-to-date: /home/ros2/ros2_ws/install/ackermann_msgs/share/ackermann_msgs/cmake/rosidl_cmake_export_typesupport_targets-extras.cmake
[2.328s] -- Up-to-date: /home/ros2/ros2_ws/install/ackermann_msgs/share/ackermann_msgs/cmake/rosidl_cmake_export_typesupport_libraries-extras.cmake
[2.328s] -- Up-to-date: /home/ros2/ros2_ws/install/ackermann_msgs/share/ackermann_msgs/cmake/ackermann_msgsConfig.cmake
[2.328s] -- Up-to-date: /home/ros2/ros2_ws/install/ackermann_msgs/share/ackermann_msgs/cmake/ackermann_msgsConfig-version.cmake
[2.329s] -- Up-to-date: /home/ros2/ros2_ws/install/ackermann_msgs/share/ackermann_msgs/package.xml
[2.332s] Invoked command in '/home/ros2/ros2_ws/build/ackermann_msgs' returned '0': CMAKE_PREFIX_PATH=${CMAKE_PREFIX_PATH}:/opt/ros/humble /usr/bin/cmake --install /home/ros2/ros2_ws/build/ackermann_msgs
