[0.052s] Invoking command in '/home/ros2/ros2_ws/build/smartcar_msgs': CMAKE_PREFIX_PATH=${CMAKE_PREFIX_PATH}:/opt/ros/humble /usr/bin/cmake --build /home/ros2/ros2_ws/build/smartcar_msgs -- -j6 -l6
[0.175s] [ 12%] Built target smartcar_msgs__rosidl_generator_c
[0.176s] [ 12%] Built target smartcar_msgs__cpp
[0.217s] [ 12%] Built target ament_cmake_python_copy_smartcar_msgs
[0.267s] [ 22%] Built target smartcar_msgs__rosidl_typesupport_c
[0.290s] [ 32%] Built target smartcar_msgs__rosidl_typesupport_fastrtps_c
[0.331s] [ 41%] Built target smartcar_msgs__rosidl_typesupport_cpp
[0.338s] [ 51%] Built target smartcar_msgs__rosidl_typesupport_introspection_c
[0.353s] [ 61%] Built target smartcar_msgs__rosidl_typesupport_introspection_cpp
[0.364s] [ 70%] Built target smartcar_msgs__rosidl_typesupport_fastrtps_cpp
[0.435s] [ 70%] Built target smartcar_msgs
[0.508s] [ 74%] Built target smartcar_msgs__py
[0.585s] [ 80%] Built target smartcar_msgs__rosidl_generator_py
[0.674s] [ 87%] Built target smartcar_msgs__rosidl_typesupport_c__pyext
[0.677s] [ 93%] Built target smartcar_msgs__rosidl_typesupport_introspection_c__pyext
[0.684s] [100%] Built target smartcar_msgs__rosidl_typesupport_fastrtps_c__pyext
[0.999s] running egg_info
[1.002s] writing smartcar_msgs.egg-info/PKG-INFO
[1.004s] writing dependency_links to smartcar_msgs.egg-info/dependency_links.txt
[1.005s] writing top-level names to smartcar_msgs.egg-info/top_level.txt
[1.011s] reading manifest file 'smartcar_msgs.egg-info/SOURCES.txt'
[1.012s] writing manifest file 'smartcar_msgs.egg-info/SOURCES.txt'
[1.074s] [100%] Built target ament_cmake_python_build_smartcar_msgs_egg
[1.114s] Invoked command in '/home/ros2/ros2_ws/build/smartcar_msgs' returned '0': CMAKE_PREFIX_PATH=${CMAKE_PREFIX_PATH}:/opt/ros/humble /usr/bin/cmake --build /home/ros2/ros2_ws/build/smartcar_msgs -- -j6 -l6
[1.152s] Invoking command in '/home/ros2/ros2_ws/build/smartcar_msgs': CMAKE_PREFIX_PATH=${CMAKE_PREFIX_PATH}:/opt/ros/humble /usr/bin/cmake --install /home/ros2/ros2_ws/build/smartcar_msgs
[1.161s] -- Install configuration: ""
[1.161s] -- Up-to-date: /home/ros2/ros2_ws/install/smartcar_msgs/share/ament_index/resource_index/rosidl_interfaces/smartcar_msgs
[1.161s] -- Up-to-date: /home/ros2/ros2_ws/install/smartcar_msgs/include/smartcar_msgs/smartcar_msgs
[1.162s] -- Up-to-date: /home/ros2/ros2_ws/install/smartcar_msgs/include/smartcar_msgs/smartcar_msgs/msg
[1.163s] -- Up-to-date: /home/ros2/ros2_ws/install/smartcar_msgs/include/smartcar_msgs/smartcar_msgs/msg/status.h
[1.163s] -- Up-to-date: /home/ros2/ros2_ws/install/smartcar_msgs/include/smartcar_msgs/smartcar_msgs/msg/rosidl_generator_c__visibility_control.h
[1.164s] -- Up-to-date: /home/ros2/ros2_ws/install/smartcar_msgs/include/smartcar_msgs/smartcar_msgs/msg/detail
[1.165s] -- Up-to-date: /home/ros2/ros2_ws/install/smartcar_msgs/include/smartcar_msgs/smartcar_msgs/msg/detail/status__type_support.h
[1.166s] -- Up-to-date: /home/ros2/ros2_ws/install/smartcar_msgs/include/smartcar_msgs/smartcar_msgs/msg/detail/status__functions.h
[1.167s] -- Up-to-date: /home/ros2/ros2_ws/install/smartcar_msgs/include/smartcar_msgs/smartcar_msgs/msg/detail/status__struct.h
[1.167s] -- Up-to-date: /home/ros2/ros2_ws/install/smartcar_msgs/include/smartcar_msgs/smartcar_msgs/msg/detail/status__functions.c
[1.167s] -- Up-to-date: /home/ros2/ros2_ws/install/smartcar_msgs/share/smartcar_msgs/environment/library_path.sh
[1.167s] -- Up-to-date: /home/ros2/ros2_ws/install/smartcar_msgs/share/smartcar_msgs/environment/library_path.dsv
[1.168s] -- Up-to-date: /home/ros2/ros2_ws/install/smartcar_msgs/lib/libsmartcar_msgs__rosidl_generator_c.so
[1.169s] -- Up-to-date: /home/ros2/ros2_ws/install/smartcar_msgs/include/smartcar_msgs/smartcar_msgs
[1.169s] -- Up-to-date: /home/ros2/ros2_ws/install/smartcar_msgs/include/smartcar_msgs/smartcar_msgs/msg
[1.170s] -- Up-to-date: /home/ros2/ros2_ws/install/smartcar_msgs/include/smartcar_msgs/smartcar_msgs/msg/rosidl_typesupport_fastrtps_c__visibility_control.h
[1.170s] -- Up-to-date: /home/ros2/ros2_ws/install/smartcar_msgs/include/smartcar_msgs/smartcar_msgs/msg/detail
[1.171s] -- Up-to-date: /home/ros2/ros2_ws/install/smartcar_msgs/include/smartcar_msgs/smartcar_msgs/msg/detail/status__rosidl_typesupport_fastrtps_c.h
[1.172s] -- Up-to-date: /home/ros2/ros2_ws/install/smartcar_msgs/lib/libsmartcar_msgs__rosidl_typesupport_fastrtps_c.so
[1.174s] -- Up-to-date: /home/ros2/ros2_ws/install/smartcar_msgs/include/smartcar_msgs/smartcar_msgs
[1.174s] -- Up-to-date: /home/ros2/ros2_ws/install/smartcar_msgs/include/smartcar_msgs/smartcar_msgs/msg
[1.175s] -- Up-to-date: /home/ros2/ros2_ws/install/smartcar_msgs/include/smartcar_msgs/smartcar_msgs/msg/detail
[1.175s] -- Up-to-date: /home/ros2/ros2_ws/install/smartcar_msgs/include/smartcar_msgs/smartcar_msgs/msg/detail/status__type_support.c
[1.177s] -- Up-to-date: /home/ros2/ros2_ws/install/smartcar_msgs/include/smartcar_msgs/smartcar_msgs/msg/detail/status__rosidl_typesupport_introspection_c.h
[1.177s] -- Up-to-date: /home/ros2/ros2_ws/install/smartcar_msgs/include/smartcar_msgs/smartcar_msgs/msg/rosidl_typesupport_introspection_c__visibility_control.h
[1.178s] -- Up-to-date: /home/ros2/ros2_ws/install/smartcar_msgs/lib/libsmartcar_msgs__rosidl_typesupport_introspection_c.so
[1.178s] -- Up-to-date: /home/ros2/ros2_ws/install/smartcar_msgs/lib/libsmartcar_msgs__rosidl_typesupport_c.so
[1.179s] -- Up-to-date: /home/ros2/ros2_ws/install/smartcar_msgs/include/smartcar_msgs/smartcar_msgs
[1.183s] -- Up-to-date: /home/ros2/ros2_ws/install/smartcar_msgs/include/smartcar_msgs/smartcar_msgs/msg
[1.184s] -- Up-to-date: /home/ros2/ros2_ws/install/smartcar_msgs/include/smartcar_msgs/smartcar_msgs/msg/rosidl_generator_cpp__visibility_control.hpp
[1.184s] -- Up-to-date: /home/ros2/ros2_ws/install/smartcar_msgs/include/smartcar_msgs/smartcar_msgs/msg/detail
[1.184s] -- Up-to-date: /home/ros2/ros2_ws/install/smartcar_msgs/include/smartcar_msgs/smartcar_msgs/msg/detail/status__traits.hpp
[1.184s] -- Up-to-date: /home/ros2/ros2_ws/install/smartcar_msgs/include/smartcar_msgs/smartcar_msgs/msg/detail/status__struct.hpp
[1.184s] -- Up-to-date: /home/ros2/ros2_ws/install/smartcar_msgs/include/smartcar_msgs/smartcar_msgs/msg/detail/status__type_support.hpp
[1.186s] -- Up-to-date: /home/ros2/ros2_ws/install/smartcar_msgs/include/smartcar_msgs/smartcar_msgs/msg/detail/status__builder.hpp
[1.186s] -- Up-to-date: /home/ros2/ros2_ws/install/smartcar_msgs/include/smartcar_msgs/smartcar_msgs/msg/status.hpp
[1.186s] -- Up-to-date: /home/ros2/ros2_ws/install/smartcar_msgs/include/smartcar_msgs/smartcar_msgs
[1.186s] -- Up-to-date: /home/ros2/ros2_ws/install/smartcar_msgs/include/smartcar_msgs/smartcar_msgs/msg
[1.187s] -- Up-to-date: /home/ros2/ros2_ws/install/smartcar_msgs/include/smartcar_msgs/smartcar_msgs/msg/rosidl_typesupport_fastrtps_cpp__visibility_control.h
[1.188s] -- Up-to-date: /home/ros2/ros2_ws/install/smartcar_msgs/include/smartcar_msgs/smartcar_msgs/msg/detail
[1.189s] -- Up-to-date: /home/ros2/ros2_ws/install/smartcar_msgs/include/smartcar_msgs/smartcar_msgs/msg/detail/status__rosidl_typesupport_fastrtps_cpp.hpp
[1.209s] -- Up-to-date: /home/ros2/ros2_ws/install/smartcar_msgs/include/smartcar_msgs/smartcar_msgs/msg/detail/dds_fastrtps
[1.210s] -- Up-to-date: /home/ros2/ros2_ws/install/smartcar_msgs/lib/libsmartcar_msgs__rosidl_typesupport_fastrtps_cpp.so
[1.210s] -- Up-to-date: /home/ros2/ros2_ws/install/smartcar_msgs/include/smartcar_msgs/smartcar_msgs
[1.210s] -- Up-to-date: /home/ros2/ros2_ws/install/smartcar_msgs/include/smartcar_msgs/smartcar_msgs/msg
[1.210s] -- Up-to-date: /home/ros2/ros2_ws/install/smartcar_msgs/include/smartcar_msgs/smartcar_msgs/msg/detail
[1.211s] -- Up-to-date: /home/ros2/ros2_ws/install/smartcar_msgs/include/smartcar_msgs/smartcar_msgs/msg/detail/status__type_support.cpp
[1.212s] -- Up-to-date: /home/ros2/ros2_ws/install/smartcar_msgs/include/smartcar_msgs/smartcar_msgs/msg/detail/status__rosidl_typesupport_introspection_cpp.hpp
[1.213s] -- Up-to-date: /home/ros2/ros2_ws/install/smartcar_msgs/lib/libsmartcar_msgs__rosidl_typesupport_introspection_cpp.so
[1.213s] -- Up-to-date: /home/ros2/ros2_ws/install/smartcar_msgs/lib/libsmartcar_msgs__rosidl_typesupport_cpp.so
[1.214s] -- Up-to-date: /home/ros2/ros2_ws/install/smartcar_msgs/share/smartcar_msgs/environment/pythonpath.sh
[1.214s] -- Up-to-date: /home/ros2/ros2_ws/install/smartcar_msgs/share/smartcar_msgs/environment/pythonpath.dsv
[1.214s] -- Up-to-date: /home/ros2/ros2_ws/install/smartcar_msgs/local/lib/python3.10/dist-packages/smartcar_msgs-0.0.0-py3.10.egg-info
[1.214s] -- Installing: /home/ros2/ros2_ws/install/smartcar_msgs/local/lib/python3.10/dist-packages/smartcar_msgs-0.0.0-py3.10.egg-info/SOURCES.txt
[1.215s] -- Installing: /home/ros2/ros2_ws/install/smartcar_msgs/local/lib/python3.10/dist-packages/smartcar_msgs-0.0.0-py3.10.egg-info/PKG-INFO
[1.215s] -- Installing: /home/ros2/ros2_ws/install/smartcar_msgs/local/lib/python3.10/dist-packages/smartcar_msgs-0.0.0-py3.10.egg-info/top_level.txt
[1.215s] -- Installing: /home/ros2/ros2_ws/install/smartcar_msgs/local/lib/python3.10/dist-packages/smartcar_msgs-0.0.0-py3.10.egg-info/dependency_links.txt
[1.215s] -- Up-to-date: /home/ros2/ros2_ws/install/smartcar_msgs/local/lib/python3.10/dist-packages/smartcar_msgs
[1.215s] -- Up-to-date: /home/ros2/ros2_ws/install/smartcar_msgs/local/lib/python3.10/dist-packages/smartcar_msgs/__init__.py
[1.220s] -- Up-to-date: /home/ros2/ros2_ws/install/smartcar_msgs/local/lib/python3.10/dist-packages/smartcar_msgs/libsmartcar_msgs__rosidl_generator_py.so
[1.222s] -- Up-to-date: /home/ros2/ros2_ws/install/smartcar_msgs/local/lib/python3.10/dist-packages/smartcar_msgs/smartcar_msgs_s__rosidl_typesupport_introspection_c.cpython-310-x86_64-linux-gnu.so
[1.222s] -- Up-to-date: /home/ros2/ros2_ws/install/smartcar_msgs/local/lib/python3.10/dist-packages/smartcar_msgs/_smartcar_msgs_s.ep.rosidl_typesupport_c.c
[1.223s] -- Up-to-date: /home/ros2/ros2_ws/install/smartcar_msgs/local/lib/python3.10/dist-packages/smartcar_msgs/_smartcar_msgs_s.ep.rosidl_typesupport_fastrtps_c.c
[1.223s] -- Up-to-date: /home/ros2/ros2_ws/install/smartcar_msgs/local/lib/python3.10/dist-packages/smartcar_msgs/smartcar_msgs_s__rosidl_typesupport_fastrtps_c.cpython-310-x86_64-linux-gnu.so
[1.223s] -- Up-to-date: /home/ros2/ros2_ws/install/smartcar_msgs/local/lib/python3.10/dist-packages/smartcar_msgs/smartcar_msgs_s__rosidl_typesupport_c.cpython-310-x86_64-linux-gnu.so
[1.223s] -- Up-to-date: /home/ros2/ros2_ws/install/smartcar_msgs/local/lib/python3.10/dist-packages/smartcar_msgs/_smartcar_msgs_s.ep.rosidl_typesupport_introspection_c.c
[1.223s] -- Up-to-date: /home/ros2/ros2_ws/install/smartcar_msgs/local/lib/python3.10/dist-packages/smartcar_msgs/msg
[1.223s] -- Up-to-date: /home/ros2/ros2_ws/install/smartcar_msgs/local/lib/python3.10/dist-packages/smartcar_msgs/msg/__init__.py
[1.224s] -- Up-to-date: /home/ros2/ros2_ws/install/smartcar_msgs/local/lib/python3.10/dist-packages/smartcar_msgs/msg/_status_s.c
[1.224s] -- Up-to-date: /home/ros2/ros2_ws/install/smartcar_msgs/local/lib/python3.10/dist-packages/smartcar_msgs/msg/_status.py
[1.332s] Listing '/home/ros2/ros2_ws/install/smartcar_msgs/local/lib/python3.10/dist-packages/smartcar_msgs'...
[1.332s] Listing '/home/ros2/ros2_ws/install/smartcar_msgs/local/lib/python3.10/dist-packages/smartcar_msgs/msg'...
[1.342s] -- Up-to-date: /home/ros2/ros2_ws/install/smartcar_msgs/local/lib/python3.10/dist-packages/smartcar_msgs/smartcar_msgs_s__rosidl_typesupport_fastrtps_c.cpython-310-x86_64-linux-gnu.so
[1.342s] -- Up-to-date: /home/ros2/ros2_ws/install/smartcar_msgs/local/lib/python3.10/dist-packages/smartcar_msgs/smartcar_msgs_s__rosidl_typesupport_introspection_c.cpython-310-x86_64-linux-gnu.so
[1.342s] -- Up-to-date: /home/ros2/ros2_ws/install/smartcar_msgs/local/lib/python3.10/dist-packages/smartcar_msgs/smartcar_msgs_s__rosidl_typesupport_c.cpython-310-x86_64-linux-gnu.so
[1.343s] -- Up-to-date: /home/ros2/ros2_ws/install/smartcar_msgs/lib/libsmartcar_msgs__rosidl_generator_py.so
[1.344s] -- Up-to-date: /home/ros2/ros2_ws/install/smartcar_msgs/share/smartcar_msgs/msg/Status.idl
[1.344s] -- Up-to-date: /home/ros2/ros2_ws/install/smartcar_msgs/share/smartcar_msgs/msg/Status.msg
[1.344s] -- Up-to-date: /home/ros2/ros2_ws/install/smartcar_msgs/share/ament_index/resource_index/package_run_dependencies/smartcar_msgs
[1.345s] -- Up-to-date: /home/ros2/ros2_ws/install/smartcar_msgs/share/ament_index/resource_index/parent_prefix_path/smartcar_msgs
[1.345s] -- Up-to-date: /home/ros2/ros2_ws/install/smartcar_msgs/share/smartcar_msgs/environment/ament_prefix_path.sh
[1.346s] -- Up-to-date: /home/ros2/ros2_ws/install/smartcar_msgs/share/smartcar_msgs/environment/ament_prefix_path.dsv
[1.346s] -- Up-to-date: /home/ros2/ros2_ws/install/smartcar_msgs/share/smartcar_msgs/environment/path.sh
[1.347s] -- Up-to-date: /home/ros2/ros2_ws/install/smartcar_msgs/share/smartcar_msgs/environment/path.dsv
[1.347s] -- Up-to-date: /home/ros2/ros2_ws/install/smartcar_msgs/share/smartcar_msgs/local_setup.bash
[1.347s] -- Up-to-date: /home/ros2/ros2_ws/install/smartcar_msgs/share/smartcar_msgs/local_setup.sh
[1.347s] -- Up-to-date: /home/ros2/ros2_ws/install/smartcar_msgs/share/smartcar_msgs/local_setup.zsh
[1.347s] -- Up-to-date: /home/ros2/ros2_ws/install/smartcar_msgs/share/smartcar_msgs/local_setup.dsv
[1.347s] -- Installing: /home/ros2/ros2_ws/install/smartcar_msgs/share/smartcar_msgs/package.dsv
[1.347s] -- Up-to-date: /home/ros2/ros2_ws/install/smartcar_msgs/share/ament_index/resource_index/packages/smartcar_msgs
[1.348s] -- Up-to-date: /home/ros2/ros2_ws/install/smartcar_msgs/share/smartcar_msgs/cmake/export_smartcar_msgs__rosidl_generator_cExport.cmake
[1.348s] -- Up-to-date: /home/ros2/ros2_ws/install/smartcar_msgs/share/smartcar_msgs/cmake/export_smartcar_msgs__rosidl_generator_cExport-noconfig.cmake
[1.348s] -- Up-to-date: /home/ros2/ros2_ws/install/smartcar_msgs/share/smartcar_msgs/cmake/export_smartcar_msgs__rosidl_typesupport_fastrtps_cExport.cmake
[1.348s] -- Up-to-date: /home/ros2/ros2_ws/install/smartcar_msgs/share/smartcar_msgs/cmake/export_smartcar_msgs__rosidl_typesupport_fastrtps_cExport-noconfig.cmake
[1.348s] -- Up-to-date: /home/ros2/ros2_ws/install/smartcar_msgs/share/smartcar_msgs/cmake/smartcar_msgs__rosidl_typesupport_introspection_cExport.cmake
[1.348s] -- Up-to-date: /home/ros2/ros2_ws/install/smartcar_msgs/share/smartcar_msgs/cmake/smartcar_msgs__rosidl_typesupport_introspection_cExport-noconfig.cmake
[1.348s] -- Up-to-date: /home/ros2/ros2_ws/install/smartcar_msgs/share/smartcar_msgs/cmake/smartcar_msgs__rosidl_typesupport_cExport.cmake
[1.349s] -- Up-to-date: /home/ros2/ros2_ws/install/smartcar_msgs/share/smartcar_msgs/cmake/smartcar_msgs__rosidl_typesupport_cExport-noconfig.cmake
[1.349s] -- Up-to-date: /home/ros2/ros2_ws/install/smartcar_msgs/share/smartcar_msgs/cmake/export_smartcar_msgs__rosidl_generator_cppExport.cmake
[1.349s] -- Up-to-date: /home/ros2/ros2_ws/install/smartcar_msgs/share/smartcar_msgs/cmake/export_smartcar_msgs__rosidl_typesupport_fastrtps_cppExport.cmake
[1.349s] -- Up-to-date: /home/ros2/ros2_ws/install/smartcar_msgs/share/smartcar_msgs/cmake/export_smartcar_msgs__rosidl_typesupport_fastrtps_cppExport-noconfig.cmake
[1.349s] -- Up-to-date: /home/ros2/ros2_ws/install/smartcar_msgs/share/smartcar_msgs/cmake/smartcar_msgs__rosidl_typesupport_introspection_cppExport.cmake
[1.349s] -- Up-to-date: /home/ros2/ros2_ws/install/smartcar_msgs/share/smartcar_msgs/cmake/smartcar_msgs__rosidl_typesupport_introspection_cppExport-noconfig.cmake
[1.349s] -- Up-to-date: /home/ros2/ros2_ws/install/smartcar_msgs/share/smartcar_msgs/cmake/smartcar_msgs__rosidl_typesupport_cppExport.cmake
[1.350s] -- Up-to-date: /home/ros2/ros2_ws/install/smartcar_msgs/share/smartcar_msgs/cmake/smartcar_msgs__rosidl_typesupport_cppExport-noconfig.cmake
[1.350s] -- Up-to-date: /home/ros2/ros2_ws/install/smartcar_msgs/share/smartcar_msgs/cmake/export_smartcar_msgs__rosidl_generator_pyExport.cmake
[1.350s] -- Up-to-date: /home/ros2/ros2_ws/install/smartcar_msgs/share/smartcar_msgs/cmake/export_smartcar_msgs__rosidl_generator_pyExport-noconfig.cmake
[1.350s] -- Up-to-date: /home/ros2/ros2_ws/install/smartcar_msgs/share/smartcar_msgs/cmake/rosidl_cmake-extras.cmake
[1.350s] -- Up-to-date: /home/ros2/ros2_ws/install/smartcar_msgs/share/smartcar_msgs/cmake/ament_cmake_export_include_directories-extras.cmake
[1.350s] -- Up-to-date: /home/ros2/ros2_ws/install/smartcar_msgs/share/smartcar_msgs/cmake/ament_cmake_export_libraries-extras.cmake
[1.351s] -- Up-to-date: /home/ros2/ros2_ws/install/smartcar_msgs/share/smartcar_msgs/cmake/ament_cmake_export_targets-extras.cmake
[1.351s] -- Up-to-date: /home/ros2/ros2_ws/install/smartcar_msgs/share/smartcar_msgs/cmake/rosidl_cmake_export_typesupport_targets-extras.cmake
[1.351s] -- Up-to-date: /home/ros2/ros2_ws/install/smartcar_msgs/share/smartcar_msgs/cmake/ament_cmake_export_dependencies-extras.cmake
[1.351s] -- Up-to-date: /home/ros2/ros2_ws/install/smartcar_msgs/share/smartcar_msgs/cmake/rosidl_cmake_export_typesupport_libraries-extras.cmake
[1.351s] -- Up-to-date: /home/ros2/ros2_ws/install/smartcar_msgs/share/smartcar_msgs/cmake/smartcar_msgsConfig.cmake
[1.352s] -- Up-to-date: /home/ros2/ros2_ws/install/smartcar_msgs/share/smartcar_msgs/cmake/smartcar_msgsConfig-version.cmake
[1.352s] -- Up-to-date: /home/ros2/ros2_ws/install/smartcar_msgs/share/smartcar_msgs/package.xml
[1.356s] Invoked command in '/home/ros2/ros2_ws/build/smartcar_msgs' returned '0': CMAKE_PREFIX_PATH=${CMAKE_PREFIX_PATH}:/opt/ros/humble /usr/bin/cmake --install /home/ros2/ros2_ws/build/smartcar_msgs
