[0.031s] Invoking command in '/home/ros2/ros2_ws/build/smart_car': CMAKE_PREFIX_PATH=/home/ros2/ros2_ws/install/smartcar_msgs:/home/ros2/ros2_ws/install/smart_car:/home/ros2/ros2_ws/install/car_gazebo_plugin:/home/ros2/ros2_ws/install/ackermann_msgs:/opt/ros/humble LD_LIBRARY_PATH=/home/ros2/ros2_ws/install/smartcar_msgs/lib:/home/ros2/ros2_ws/install/car_gazebo_plugin/lib:/home/ros2/ros2_ws/install/ackermann_msgs/lib:/usr/lib/x86_64-linux-gnu/gazebo-11/plugins:/opt/ros/humble/opt/rviz_ogre_vendor/lib:/opt/ros/humble/lib/x86_64-linux-gnu:/opt/ros/humble/lib:/usr/lib/x86_64-linux-gnu/gazebo-11/plugins /usr/bin/cmake --build /home/ros2/ros2_ws/build/smart_car -- -j6 -l6
[0.152s] Invoked command in '/home/ros2/ros2_ws/build/smart_car' returned '0': CMAKE_PREFIX_PATH=/home/ros2/ros2_ws/install/smartcar_msgs:/home/ros2/ros2_ws/install/smart_car:/home/ros2/ros2_ws/install/car_gazebo_plugin:/home/ros2/ros2_ws/install/ackermann_msgs:/opt/ros/humble LD_LIBRARY_PATH=/home/ros2/ros2_ws/install/smartcar_msgs/lib:/home/ros2/ros2_ws/install/car_gazebo_plugin/lib:/home/ros2/ros2_ws/install/ackermann_msgs/lib:/usr/lib/x86_64-linux-gnu/gazebo-11/plugins:/opt/ros/humble/opt/rviz_ogre_vendor/lib:/opt/ros/humble/lib/x86_64-linux-gnu:/opt/ros/humble/lib:/usr/lib/x86_64-linux-gnu/gazebo-11/plugins /usr/bin/cmake --build /home/ros2/ros2_ws/build/smart_car -- -j6 -l6
[0.156s] Invoking command in '/home/ros2/ros2_ws/build/smart_car': CMAKE_PREFIX_PATH=/home/ros2/ros2_ws/install/smartcar_msgs:/home/ros2/ros2_ws/install/smart_car:/home/ros2/ros2_ws/install/car_gazebo_plugin:/home/ros2/ros2_ws/install/ackermann_msgs:/opt/ros/humble LD_LIBRARY_PATH=/home/ros2/ros2_ws/install/smartcar_msgs/lib:/home/ros2/ros2_ws/install/car_gazebo_plugin/lib:/home/ros2/ros2_ws/install/ackermann_msgs/lib:/usr/lib/x86_64-linux-gnu/gazebo-11/plugins:/opt/ros/humble/opt/rviz_ogre_vendor/lib:/opt/ros/humble/lib/x86_64-linux-gnu:/opt/ros/humble/lib:/usr/lib/x86_64-linux-gnu/gazebo-11/plugins /usr/bin/cmake --install /home/ros2/ros2_ws/build/smart_car
[0.167s] -- Install configuration: ""
[0.168s] -- Up-to-date: /home/ros2/ros2_ws/install/smart_car/share/smart_car/urdf
[0.168s] -- Up-to-date: /home/ros2/ros2_ws/install/smart_car/share/smart_car/urdf/smartcar.urdf.xacro
[0.168s] -- Up-to-date: /home/ros2/ros2_ws/install/smart_car/share/smart_car/nav2_map
[0.169s] -- Up-to-date: /home/ros2/ros2_ws/install/smart_car/share/smart_car/nav2_map/smalltown_world.yaml
[0.169s] -- Up-to-date: /home/ros2/ros2_ws/install/smart_car/share/smart_car/nav2_map/smalltown_world.pgm
[0.169s] -- Up-to-date: /home/ros2/ros2_ws/install/smart_car/share/smart_car/world
[0.169s] -- Up-to-date: /home/ros2/ros2_ws/install/smart_car/share/smart_car/world/smalltown.world
[0.169s] -- Up-to-date: /home/ros2/ros2_ws/install/smart_car/share/smart_car/config
[0.170s] -- Up-to-date: /home/ros2/ros2_ws/install/smart_car/share/smart_car/config/nav2_params.yaml
[0.170s] -- Up-to-date: /home/ros2/ros2_ws/install/smart_car/share/smart_car/config/ekf_localization.yaml
[0.170s] -- Up-to-date: /home/ros2/ros2_ws/install/smart_car/lib/smart_car/joint_state_publisher.py
[0.171s] -- Up-to-date: /home/ros2/ros2_ws/install/smart_car/share/smart_car/launch
[0.171s] -- Up-to-date: /home/ros2/ros2_ws/install/smart_car/share/smart_car/launch/gazebo.launch.py
[0.171s] -- Installing: /home/ros2/ros2_ws/install/smart_car/share/smart_car/launch/setup.launch.py
[0.171s] -- Up-to-date: /home/ros2/ros2_ws/install/smart_car/share/smart_car/launch/localization.launch.py
[0.171s] -- Up-to-date: /home/ros2/ros2_ws/install/smart_car/share/smart_car/launch/smartcar.launch.py
[0.172s] -- Up-to-date: /home/ros2/ros2_ws/install/smart_car/share/smart_car/launch/nav2.launch.py
[0.172s] -- Up-to-date: /home/ros2/ros2_ws/install/smart_car/share/smart_car/config
[0.174s] -- Up-to-date: /home/ros2/ros2_ws/install/smart_car/share/smart_car/config/nav2_params.yaml
[0.175s] -- Up-to-date: /home/ros2/ros2_ws/install/smart_car/share/smart_car/config/ekf_localization.yaml
[0.175s] -- Up-to-date: /home/ros2/ros2_ws/install/smart_car/share/smart_car/urdf
[0.180s] -- Up-to-date: /home/ros2/ros2_ws/install/smart_car/share/smart_car/urdf/smartcar.urdf.xacro
[0.180s] -- Up-to-date: /home/ros2/ros2_ws/install/smart_car/share/smart_car/Rviz
[0.180s] -- Up-to-date: /home/ros2/ros2_ws/install/smart_car/share/smart_car/Rviz/smartcar.rviz
[0.180s] -- Up-to-date: /home/ros2/ros2_ws/install/smart_car/lib/smart_car/wheel_odom.py
[0.180s] -- Up-to-date: /home/ros2/ros2_ws/install/smart_car/share/smart_car/Rviz
[0.180s] -- Up-to-date: /home/ros2/ros2_ws/install/smart_car/share/smart_car/Rviz/smartcar.rviz
[0.180s] -- Up-to-date: /home/ros2/ros2_ws/install/smart_car/share/smart_car/launch
[0.181s] -- Up-to-date: /home/ros2/ros2_ws/install/smart_car/share/smart_car/launch/gazebo.launch.py
[0.181s] -- Up-to-date: /home/ros2/ros2_ws/install/smart_car/share/smart_car/launch/setup.launch.py
[0.181s] -- Up-to-date: /home/ros2/ros2_ws/install/smart_car/share/smart_car/launch/localization.launch.py
[0.181s] -- Up-to-date: /home/ros2/ros2_ws/install/smart_car/share/smart_car/launch/smartcar.launch.py
[0.181s] -- Up-to-date: /home/ros2/ros2_ws/install/smart_car/share/smart_car/launch/nav2.launch.py
[0.181s] -- Up-to-date: /home/ros2/ros2_ws/install/smart_car/share/ament_index/resource_index/package_run_dependencies/smart_car
[0.182s] -- Up-to-date: /home/ros2/ros2_ws/install/smart_car/share/ament_index/resource_index/parent_prefix_path/smart_car
[0.182s] -- Up-to-date: /home/ros2/ros2_ws/install/smart_car/share/smart_car/environment/ament_prefix_path.sh
[0.182s] -- Up-to-date: /home/ros2/ros2_ws/install/smart_car/share/smart_car/environment/ament_prefix_path.dsv
[0.182s] -- Up-to-date: /home/ros2/ros2_ws/install/smart_car/share/smart_car/environment/path.sh
[0.182s] -- Up-to-date: /home/ros2/ros2_ws/install/smart_car/share/smart_car/environment/path.dsv
[0.182s] -- Up-to-date: /home/ros2/ros2_ws/install/smart_car/share/smart_car/local_setup.bash
[0.182s] -- Up-to-date: /home/ros2/ros2_ws/install/smart_car/share/smart_car/local_setup.sh
[0.183s] -- Up-to-date: /home/ros2/ros2_ws/install/smart_car/share/smart_car/local_setup.zsh
[0.183s] -- Up-to-date: /home/ros2/ros2_ws/install/smart_car/share/smart_car/local_setup.dsv
[0.183s] -- Installing: /home/ros2/ros2_ws/install/smart_car/share/smart_car/package.dsv
[0.184s] -- Up-to-date: /home/ros2/ros2_ws/install/smart_car/share/ament_index/resource_index/packages/smart_car
[0.185s] -- Up-to-date: /home/ros2/ros2_ws/install/smart_car/share/smart_car/cmake/smart_carConfig.cmake
[0.185s] -- Up-to-date: /home/ros2/ros2_ws/install/smart_car/share/smart_car/cmake/smart_carConfig-version.cmake
[0.185s] -- Up-to-date: /home/ros2/ros2_ws/install/smart_car/share/smart_car/package.xml
[0.192s] Invoked command in '/home/ros2/ros2_ws/build/smart_car' returned '0': CMAKE_PREFIX_PATH=/home/ros2/ros2_ws/install/smartcar_msgs:/home/ros2/ros2_ws/install/smart_car:/home/ros2/ros2_ws/install/car_gazebo_plugin:/home/ros2/ros2_ws/install/ackermann_msgs:/opt/ros/humble LD_LIBRARY_PATH=/home/ros2/ros2_ws/install/smartcar_msgs/lib:/home/ros2/ros2_ws/install/car_gazebo_plugin/lib:/home/ros2/ros2_ws/install/ackermann_msgs/lib:/usr/lib/x86_64-linux-gnu/gazebo-11/plugins:/opt/ros/humble/opt/rviz_ogre_vendor/lib:/opt/ros/humble/lib/x86_64-linux-gnu:/opt/ros/humble/lib:/usr/lib/x86_64-linux-gnu/gazebo-11/plugins /usr/bin/cmake --install /home/ros2/ros2_ws/build/smart_car
